[2018-03-08 18:03:58] File:/var/www/html/TT/app/Views/home.blade.php |Message:syntax error, unexpected 'endif' (T_ENDIF), expecting end of file

| View layout: /var/www/html/TT/app/Views/layouts/app.blade.php (home)

| View layout: /var/www/html/TT/app/Views/home.blade.php (home) |Line:35
[2018-03-08 18:03:55] File:undefined |Message:Error: Class 'App\App\Middleware\CsrfToken' not found in /var/www/html/TT/system/Engine/Kernel.php:100
Stack trace:
#0 /var/www/html/TT/public/index.php(23): System\Engine\Kernel::start('/var/www/html/T...')
#1 {main} |Line:undefined
[2018-03-08 18:03:03] File:undefined |Message:Error: Class 'App\App\Middleware\CsrfToken' not found in /var/www/html/TT/system/Engine/Kernel.php:100
Stack trace:
#0 /var/www/html/TT/public/index.php(23): System\Engine\Kernel::start('/var/www/html/T...')
#1 {main} |Line:undefined
[2018-03-08 18:03:15] File:/var/www/html/TT/app/Views/auth/login.blade.php |Message:Call to a member function first() on null

| View layout: /var/www/html/TT/app/Views/auth/login.blade.php (auth.login) |Line:72
[2018-03-08 18:03:19] File:/var/www/html/TT/app/Views/auth/login.blade.php |Message:Call to a member function first() on null

| View layout: /var/www/html/TT/app/Views/auth/login.blade.php (auth.login) |Line:72
[2018-03-08 18:03:29] File:/var/www/html/TT/app/Views/auth/login.blade.php |Message:Call to a member function first() on null

| View layout: /var/www/html/TT/app/Views/auth/login.blade.php (auth.login) |Line:83
[2018-03-08 18:03:29] File:/var/www/html/TT/app/Views/auth/login.blade.php |Message:Call to a member function first() on null

| View layout: /var/www/html/TT/app/Views/auth/login.blade.php (auth.login) |Line:83
[2018-03-08 20:03:43] File:/var/www/html/TT/app/Views/auth/login.blade.php |Message:Call to a member function first() on null

| View layout: /var/www/html/TT/app/Views/auth/login.blade.php (auth.login) |Line:75
[2018-03-08 20:03:18] File:/var/www/html/TT/app/Middleware/CsrfToken.php |Message:VERIFY CSRF TOKEN FAILED |Line:19
[2018-03-08 20:03:27] File:/var/www/html/TT/app/Middleware/CsrfToken.php |Message:VERIFY CSRF TOKEN FAILED |Line:19
[2018-03-08 20:03:02] File:undefined |Message:Error: Call to undefined function App\Middleware\is_tring() in /var/www/html/TT/app/Middleware/CsrfToken.php:57
Stack trace:
#0 /var/www/html/TT/app/Middleware/CsrfToken.php(41): App\Middleware\CsrfToken->getTokenRequest(Object(System\Engine\Http\Request))
#1 /var/www/html/TT/app/Middleware/CsrfToken.php(15): App\Middleware\CsrfToken->tokensMatch(Object(System\Engine\Http\Request))
#2 [internal function]: App\Middleware\CsrfToken->handle(Object(System\Engine\Http\Request), NULL)
#3 /var/www/html/TT/system/Engine/Kernel.php(100): call_user_func_array(Array, Array)
#4 /var/www/html/TT/public/index.php(23): System\Engine\Kernel::start('/var/www/html/T...')
#5 {main} |Line:undefined
[2018-03-08 20:03:17] File:/var/www/html/TT/app/Middleware/CsrfToken.php |Message:VERIFY CSRF TOKEN FAILED |Line:19
[2018-03-08 20:03:26] File:/var/www/html/TT/app/Middleware/CsrfToken.php |Message:VERIFY CSRF TOKEN FAILED |Line:19
[2018-03-08 20:03:21] File:/var/www/html/TT/app/Middleware/CsrfToken.php |Message:VERIFY CSRF TOKEN FAILED |Line:19
[2018-03-08 20:03:30] File:undefined |Message:Error: Cannot use object of type System\Engine\Http\Request as array in /var/www/html/TT/app/Controllers/HomeController.php:18
Stack trace:
#0 [internal function]: App\Controllers\HomeController->index(Object(System\Engine\Http\Request))
#1 /var/www/html/TT/system/Engine/Http/Router.php(261): call_user_func_array(Array, Array)
#2 /var/www/html/TT/system/Engine/Http/Router.php(439): System\Engine\Http\Router::match()
#3 /var/www/html/TT/system/Engine/Kernel.php(124): System\Engine\Http\Router::execute()
#4 /var/www/html/TT/system/Engine/Kernel.php(106): System\Engine\Kernel->callRoutes()
#5 /var/www/html/TT/public/index.php(23): System\Engine\Kernel::start('/var/www/html/T...')
#6 {main} |Line:undefined
[2018-03-08 20:03:13] File:undefined |Message:Error: Cannot use object of type System\Engine\Http\Request as array in /var/www/html/TT/app/Controllers/Auth/LoginController.php:29
Stack trace:
#0 [internal function]: App\Controllers\Auth\LoginController->login(Object(System\Engine\Http\Request), Object(System\Libraries\Auth\Authentication))
#1 /var/www/html/TT/system/Engine/Http/Router.php(261): call_user_func_array(Array, Array)
#2 /var/www/html/TT/system/Engine/Http/Router.php(439): System\Engine\Http\Router::match()
#3 /var/www/html/TT/system/Engine/Kernel.php(124): System\Engine\Http\Router::execute()
#4 /var/www/html/TT/system/Engine/Kernel.php(106): System\Engine\Kernel->callRoutes()
#5 /var/www/html/TT/public/index.php(23): System\Engine\Kernel::start('/var/www/html/T...')
#6 {main} |Line:undefined
[2018-03-08 20:03:46] File:undefined |Message:Error: Cannot use object of type System\Engine\Http\Request as array in /var/www/html/TT/app/Controllers/Auth/LoginController.php:29
Stack trace:
#0 [internal function]: App\Controllers\Auth\LoginController->login(Object(System\Engine\Http\Request), Object(System\Libraries\Auth\Authentication))
#1 /var/www/html/TT/system/Engine/Http/Router.php(261): call_user_func_array(Array, Array)
#2 /var/www/html/TT/system/Engine/Http/Router.php(439): System\Engine\Http\Router::match()
#3 /var/www/html/TT/system/Engine/Kernel.php(124): System\Engine\Http\Router::execute()
#4 /var/www/html/TT/system/Engine/Kernel.php(106): System\Engine\Kernel->callRoutes()
#5 /var/www/html/TT/public/index.php(23): System\Engine\Kernel::start('/var/www/html/T...')
#6 {main} |Line:undefined
[2018-03-09 07:03:59] File:/var/www/html/TT/system/Libraries/Cookie.php |Message:Could not set the cookie! |Line:159
[2018-03-09 09:03:10] File:undefined |Message:Error: Call to undefined method PDO::show_tables() in /var/www/html/TT/system/Libraries/Database/Database.php:655
Stack trace:
#0 /var/www/html/TT/system/Facades/Facade.php(49): System\Libraries\Database\Database->__call('show_tables', Array)
#1 /var/www/html/TT/app/Kernel.php(18): System\Facades\Facade::__callStatic('show_tables', Array)
#2 /var/www/html/TT/system/Engine/Kernel.php(63): App\Kernel->boot()
#3 /var/www/html/TT/public/index.php(23): System\Engine\Kernel::start('/var/www/html/T...')
#4 {main} |Line:undefined
[2018-03-09 10:03:38] File:/var/www/html/TT/system/Engine/Http/Router.php |Message:Class App\Controllers\Request does not exist |Line:338
[2018-03-09 10:03:06] File:undefined |Message:TypeError: Return value of System\Libraries\Validator::make() must be of the type boolean, object returned in /var/www/html/TT/system/Libraries/Validator.php:116
Stack trace:
#0 /var/www/html/TT/system/Facades/Facade.php(49): System\Libraries\Validator->make(Array, Array)
#1 /var/www/html/TT/app/Controllers/Auth/LoginController.php(31): System\Facades\Facade::__callStatic('make', Array)
#2 [internal function]: App\Controllers\Auth\LoginController->login(Object(System\Engine\Http\Request), Object(System\Libraries\Auth\Authentication))
#3 /var/www/html/TT/system/Engine/Http/Router.php(261): call_user_func_array(Array, Array)
#4 /var/www/html/TT/system/Engine/Http/Router.php(439): System\Engine\Http\Router::match()
#5 /var/www/html/TT/system/Engine/Kernel.php(121): System\Engine\Http\Router::execute()
#6 /var/www/html/TT/system/Engine/Kernel.php(69): System\Engine\Kernel->callRoutes()
#7 /var/www/html/TT/public/index.php(23): System\Engine\Kernel::start('/var/www/html/T...')
#8 {main} |Line:undefined
[2018-03-09 10:03:02] File:undefined |Message:TypeError: Return value of System\Libraries\Validator::make() must be of the type boolean, object returned in /var/www/html/TT/system/Libraries/Validator.php:116
Stack trace:
#0 /var/www/html/TT/system/Facades/Facade.php(49): System\Libraries\Validator->make(Array, Array)
#1 /var/www/html/TT/app/Controllers/Auth/LoginController.php(31): System\Facades\Facade::__callStatic('make', Array)
#2 [internal function]: App\Controllers\Auth\LoginController->login(Object(System\Engine\Http\Request), Object(System\Libraries\Auth\Authentication))
#3 /var/www/html/TT/system/Engine/Http/Router.php(261): call_user_func_array(Array, Array)
#4 /var/www/html/TT/system/Engine/Http/Router.php(439): System\Engine\Http\Router::match()
#5 /var/www/html/TT/system/Engine/Kernel.php(121): System\Engine\Http\Router::execute()
#6 /var/www/html/TT/system/Engine/Kernel.php(69): System\Engine\Kernel->callRoutes()
#7 /var/www/html/TT/public/index.php(23): System\Engine\Kernel::start('/var/www/html/T...')
#8 {main} |Line:undefined
[2018-03-09 10:03:48] File:undefined |Message:Error: Class 'System\Libraries\Auth\RuntimeException' not found in /var/www/html/TT/system/Libraries/Auth/Authentication.php:91
Stack trace:
#0 /var/www/html/TT/app/Controllers/Auth/LoginController.php(41): System\Libraries\Auth\Authentication->attempt(Array, 'on')
#1 [internal function]: App\Controllers\Auth\LoginController->login(Object(System\Engine\Http\Request), Object(System\Libraries\Auth\Authentication))
#2 /var/www/html/TT/system/Engine/Http/Router.php(261): call_user_func_array(Array, Array)
#3 /var/www/html/TT/system/Engine/Http/Router.php(439): System\Engine\Http\Router::match()
#4 /var/www/html/TT/system/Engine/Kernel.php(121): System\Engine\Http\Router::execute()
#5 /var/www/html/TT/system/Engine/Kernel.php(69): System\Engine\Kernel->callRoutes()
#6 /var/www/html/TT/public/index.php(23): System\Engine\Kernel::start('/var/www/html/T...')
#7 {main} |Line:undefined
[2018-03-09 10:03:35] File:/var/www/html/TT/system/Libraries/Auth/Authentication.php |Message:Auth password not found |Line:91
[2018-03-09 11:03:40] File:/var/www/html/TT/system/Libraries/Database/Database.php |Message:Database Exception: [DELETE] SQLSTATE[42000]: Syntax error or access violation: 1064 You have an error in your SQL syntax; check the manual that corresponds to your MySQL server version for the right syntax to use near 'WHERE id=12' at line 1<br />[QUERY: DELETE users WHERE id=12] |Line:456
[2018-03-09 12:03:02] File:/var/www/html/TT/system/Libraries/Database/Database.php |Message:Database Exception: [UPDATE] SQLSTATE[42000]: Syntax error or access violation: 1065 Query was empty<br />[QUERY: ] |Line:378
[2018-03-09 12:03:11] File:/var/www/html/TT/system/Libraries/Database/Database.php |Message:Database Exception: [UPDATE] SQLSTATE[42000]: Syntax error or access violation: 1064 You have an error in your SQL syntax; check the manual that corresponds to your MySQL server version for the right syntax to use near '='Samir',email='Email@email.com',password='12345'' at line 1<br />[QUERY: INSERT INTO  SETname=Samir,email=Email@email.com,password=12345] |Line:378
[2018-03-09 12:03:08] File:/var/www/html/TT/system/Libraries/Database/Database.php |Message:Database Exception: [UPDATE] SQLSTATE[42000]: Syntax error or access violation: 1064 You have an error in your SQL syntax; check the manual that corresponds to your MySQL server version for the right syntax to use near 'SET name='Samir',email='Email@email.com',password='12345'' at line 1<br />[QUERY: INSERT INTO  SET name=Samir,email=Email@email.com,password=12345] |Line:378
[2018-03-09 12:03:42] File:/var/www/html/TT/system/Libraries/Database/Database.php |Message:Database Exception: [UPDATE] SQLSTATE[23000]: Integrity constraint violation: 1062 Duplicate entry 'Samir' for key 'username'<br />[QUERY: INSERT INTO users SET name=Samir,email=Email@email.com,password=12345] |Line:379
[2018-03-09 12:03:04] File:/var/www/html/TT/system/Libraries/Database/Database.php |Message:Database Exception: [INSERT] SQLSTATE[23000]: Integrity constraint violation: 1062 Duplicate entry 'Samir' for key 'username'<br />[QUERY: INSERT INTO users SET name=Samir,email=Email@email.com,password=12345] |Line:379
[2018-03-09 12:03:25] File:undefined |Message:ArgumentCountError: Too few arguments to function System\Libraries\Database\Database::delete(), 0 passed in /var/www/html/TT/app/Kernel.php on line 23 and at least 1 expected in /var/www/html/TT/system/Libraries/Database/Database.php:424
Stack trace:
#0 /var/www/html/TT/app/Kernel.php(23): System\Libraries\Database\Database->delete()
#1 /var/www/html/TT/system/Engine/Kernel.php(63): App\Kernel->boot()
#2 /var/www/html/TT/public/index.php(23): System\Engine\Kernel::start('/var/www/html/T...')
#3 {main} |Line:undefined
[2018-03-09 12:03:52] File:/var/www/html/TT/system/Libraries/Database/Database.php |Message:Database Exception: [DELETE] SQLSTATE[42000]: Syntax error or access violation: 1064 You have an error in your SQL syntax; check the manual that corresponds to your MySQL server version for the right syntax to use near 'WHERE id = 13' at line 1<br />[QUERY: DELETE FROM   WHERE id = 13 ] |Line:455
[2018-03-10 12:03:17] File:undefined |Message:Error: Call to undefined function import_request_variables() in /var/www/html/TT/public/index.php:26
Stack trace:
#0 {main} |Line:undefined
[2018-03-10 12:03:02] File:undefined |Message:Error: Call to undefined function import_request_variables() in /var/www/html/TT/public/index.php:26
Stack trace:
#0 {main} |Line:undefined
[2018-03-10 12:03:04] File:undefined |Message:Error: Call to undefined function import_request_variables() in /var/www/html/TT/public/index.php:26
Stack trace:
#0 {main} |Line:undefined
[2018-03-10 16:03:28] File:/var/www/html/TT/system/Engine/Exception/TTException.php |Message: |Line:47
[2018-03-10 16:03:40] File:/var/www/html/TT/system/Engine/Exception/TTException.php |Message: |Line:47
[2018-03-10 16:03:42] File:/var/www/html/TT/system/Engine/Exception/TTException.php |Message: |Line:47
[2018-03-10 17:03:48] File:/var/www/html/TT/system/Engine/Exception/TTException.php |Message: |Line:47
[2018-03-10 17:03:34] File:/var/www/html/TT/system/Engine/Exception/TTException.php |Message: |Line:47
[2018-03-10 17:03:26] File:/var/www/html/TT/system/Engine/Exception/TTException.php |Message: |Line:47
[2018-03-10 17:03:28] File:/var/www/html/TT/system/Engine/Exception/TTException.php |Message: |Line:47
[2018-03-10 17:03:29] File:/var/www/html/TT/system/Engine/Exception/TTException.php |Message: |Line:47
